<?xml version="1.0" encoding="UTF-8"?>
<testng-results skipped="0" failed="0" ignored="0" total="1" passed="1">
  <reporter-output>
  </reporter-output>
  <suite name="Suite" duration-ms="60330" started-at="2019-09-25T12:08:28 IST" finished-at="2019-09-25T12:09:29 IST">
    <groups>
    </groups>
    <test name="Test" duration-ms="60330" started-at="2019-09-25T12:08:28 IST" finished-at="2019-09-25T12:09:29 IST">
      <class name="webdriver.Test1">
        <test-method status="PASS" signature="beforeTest()[pri:0, instance:webdriver.Test1@2669b199]" name="beforeTest" duration-ms="60216" started-at="2019-09-25T12:08:28 IST" finished-at="2019-09-25T12:09:28 IST">
          <reporter-output>
          </reporter-output>
        </test-method> <!-- beforeTest -->
      </class> <!-- webdriver.Test1 -->
    </test> <!-- Test -->
  </suite> <!-- Suite -->
</testng-results>
